<?xml version="1.0" encoding="UTF-8"?>
<testsuite xmlns:xsi="http://www.w3.org/2001/XMLSchema-instance" xsi:noNamespaceSchemaLocation="https://maven.apache.org/surefire/maven-surefire-plugin/xsd/surefire-test-report-3.0.xsd" version="3.0" name="Book first displayed hotel" time="127.105" tests="1" errors="0" skipped="0" failures="1">
  <properties>
[...]
</properties>
  <testcase name="Book first displayed hotel" classname="Book first displayed hotel" time="127.105">
    <failure type="java.lang.AssertionError"><![CDATA[java.lang.AssertionError
]]></failure>
    <system-out><![CDATA[
@smoke
Scenario: Book first displayed hotel                           # Features/BookFirstDisplayedHotel.feature:10
  Given "Home" page                                            # stepDefinitions.Steps.page(java.lang.String)
  When set up language to English                              # stepDefinitions.Steps.set_up_language_to_english()
  And set up currency to USD                                   # stepDefinitions.Steps.set_up_currency_to_usd()
  Then Language is English and currency is USD                 # stepDefinitions.Steps.language_is_english_and_currency_is_usd()
  Given I have account created                                 # stepDefinitions.Steps.i_have_account_created()
  And I am in "Home" page                                      # stepDefinitions.Steps.i_am_in_page(java.lang.String)
  When I set up destination as "Liepaja"                       # stepDefinitions.Steps.i_set_up_destination_as(java.lang.String)
  And I set dates "28-11-2020" - "30-11-2020"                  # stepDefinitions.Steps.i_set_dates(java.lang.String,java.lang.String)
  And I select "2" adults and "1" children                     # stepDefinitions.Steps.i_select_adults_and_children(java.lang.String,java.lang.String)
  And I click on "Search" button                               # stepDefinitions.Steps.i_click_on_Search_button(java.lang.String)
  And I click on "Choose your room" for fist hotel in the list # stepDefinitions.Steps.i_click_on_for_fist_hotel_in_the_list(java.lang.String)
true
true
Recommended for 2 adults, 1 child
  And "Hotel Details" page is opened for selected hotel        # stepDefinitions.Steps.page_is_opened_for_selected_hotel(java.lang.String)
  And I click on "Reserve" button for recommended room         # stepDefinitions.Steps.i_click_on_button_for_recommended_room(java.lang.String)
  And I click on â€œI'll Reserveâ€� button                         # stepDefinitions.Steps.i_click_on_i_ll_reserve_button()
  Then "Your Details" page is displayed                        # stepDefinitions.Steps.page_is_displayed(java.lang.String)
  And I enter valid booking information                        # stepDefinitions.Steps.i_enter_valid_booking_information()
  And I click on "Next: Final Details" button                  # stepDefinitions.Steps.i_click_on_Search_button(java.lang.String)
  And "Final Details" page is displayed                        # stepDefinitions.Steps.page_is_displayed(java.lang.String)
      java.lang.AssertionError
	at org.junit.Assert.fail(Assert.java:86)
	at org.junit.Assert.assertTrue(Assert.java:41)
	at org.junit.Assert.assertTrue(Assert.java:52)
	at stepDefinitions.Steps.page_is_displayed(Steps.java:310)
	at âœ½."Final Details" page is displayed(file:///C:/Users/david/eclipse-workspace/booking_Cucumber/./Features/BookFirstDisplayedHotel.feature:24)

]]></system-out>
    <system-err><![CDATA[Starting ChromeDriver 85.0.4183.87 (cd6713ebf92fa1cacc0f1a598df280093af0c5d7-refs/branch-heads/4183@{#1689}) on port 21088
Only local connections are allowed.
Please see https://chromedriver.chromium.org/security-considerations for suggestions on keeping ChromeDriver safe.
ChromeDriver was started successfully.
[1603079368.949][WARNING]: This version of ChromeDriver has not been tested with Chrome version 86.
Oct 19, 2020 5:49:31 AM org.openqa.selenium.remote.ProtocolHandshake createSession
INFO: Detected dialect: W3C
]]></system-err>
  </testcase>
</testsuite>