<?xml version="1.0" encoding="UTF-8"?>
<testsuite xmlns:xsi="http://www.w3.org/2001/XMLSchema-instance" xsi:noNamespaceSchemaLocation="https://maven.apache.org/surefire/maven-surefire-plugin/xsd/surefire-test-report-3.0.xsd" version="3.0" name="Book cheapest hotel in city" time="95.794" tests="1" errors="1" skipped="0" failures="0">
  <properties>
[...]
</properties>
  <testcase name="Book cheapest hotel in city" classname="Book cheapest hotel in city" time="95.794">
    <error message="stale element reference: element is not attached to the page document&#10;  (Session info: chrome=86.0.4240.75)&#10;For documentation on this error, please visit: https://www.seleniumhq.org/exceptions/stale_element_reference.html&#10;Build info: version: &apos;3.141.59&apos;, revision: &apos;e82be7d358&apos;, time: &apos;2018-11-14T08:17:03&apos;&#10;System info: host: &apos;STREAMING-LAPTO&apos;, ip: &apos;192.168.0.30&apos;, os.name: &apos;Windows 10&apos;, os.arch: &apos;amd64&apos;, os.version: &apos;10.0&apos;, java.version: &apos;14.0.1&apos;&#10;Driver info: org.openqa.selenium.chrome.ChromeDriver&#10;Capabilities {acceptInsecureCerts: false, browserName: chrome, browserVersion: 86.0.4240.75, chrome: {chromedriverVersion: 85.0.4183.87 (cd6713ebf92fa..., userDataDir: C:\Users\david\AppData\Loca...}, goog:chromeOptions: {debuggerAddress: localhost:65318}, javascriptEnabled: true, networkConnectionEnabled: false, pageLoadStrategy: normal, platform: WINDOWS, platformName: WINDOWS, proxy: Proxy(), setWindowRect: true, strictFileInteractability: false, timeouts: {implicit: 0, pageLoad: 300000, script: 30000}, unhandledPromptBehavior: dismiss and notify, webauthn:virtualAuthenticators: true}&#10;Session ID: b3071c737bb726a4852df7558bd04c92" type="org.openqa.selenium.StaleElementReferenceException"><![CDATA[org.openqa.selenium.StaleElementReferenceException: 
stale element reference: element is not attached to the page document
  (Session info: chrome=86.0.4240.75)
For documentation on this error, please visit: https://www.seleniumhq.org/exceptions/stale_element_reference.html
Build info: version: '3.141.59', revision: 'e82be7d358', time: '2018-11-14T08:17:03'
System info: host: 'STREAMING-LAPTO', ip: '192.168.0.30', os.name: 'Windows 10', os.arch: 'amd64', os.version: '10.0', java.version: '14.0.1'
Driver info: org.openqa.selenium.chrome.ChromeDriver
Capabilities {acceptInsecureCerts: false, browserName: chrome, browserVersion: 86.0.4240.75, chrome: {chromedriverVersion: 85.0.4183.87 (cd6713ebf92fa..., userDataDir: C:\Users\david\AppData\Loca...}, goog:chromeOptions: {debuggerAddress: localhost:65318}, javascriptEnabled: true, networkConnectionEnabled: false, pageLoadStrategy: normal, platform: WINDOWS, platformName: WINDOWS, proxy: Proxy(), setWindowRect: true, strictFileInteractability: false, timeouts: {implicit: 0, pageLoad: 300000, script: 30000}, unhandledPromptBehavior: dismiss and notify, webauthn:virtualAuthenticators: true}
Session ID: b3071c737bb726a4852df7558bd04c92
]]></error>
    <system-out><![CDATA[┌──────────────────────────────────────────────────────────────────────────┐
│ View your Cucumber Report at:                                            │
│ https://reports.cucumber.io/reports/b4801433-199d-4704-8f81-463acd26fac5 │
│                                                                          │
│ This report will self-destruct in 24h.                                   │
└──────────────────────────────────────────────────────────────────────────┘

@smoke
Scenario: Book cheapest hotel in city                                                                # Features/BookCheapestHotel.feature:10
  Given "Home" page                                                                                  # stepDefinitions.Steps.page(java.lang.String)
  When set up language to English                                                                    # stepDefinitions.Steps.set_up_language_to_english()
  And set up currency to USD                                                                         # stepDefinitions.Steps.set_up_currency_to_usd()
  Then Language is English and currency is USD                                                       # stepDefinitions.Steps.language_is_english_and_currency_is_usd()
  Given I have account created                                                                       # stepDefinitions.Steps.i_have_account_created()
  And I am in "Home" page                                                                            # stepDefinitions.Steps.i_am_in_page(java.lang.String)
  When I set up destination as "Riga"                                                                # stepDefinitions.Steps.i_set_up_destination_as(java.lang.String)
  And I set dates "26-11-2020" - "29-11-2020"                                                        # stepDefinitions.Steps.i_set_dates(java.lang.String,java.lang.String)
  And I select "2" adults and "0" children                                                           # stepDefinitions.Steps.i_select_adults_and_children(java.lang.String,java.lang.String)
  And I click on "Search" button                                                                     # stepDefinitions.Steps.i_click_on_Search_button(java.lang.String)
3
  And I click on "Choose your room" for the cheapest hotel in the list with a rating above "3" stars # stepDefinitions.Steps.i_click_on_for_the_cheapest_hotel_in_the_list_with_a_rating_above_stars(java.lang.String,java.lang.String)
      org.openqa.selenium.StaleElementReferenceException: stale element reference: element is not attached to the page document
  (Session info: chrome=86.0.4240.75)
For documentation on this error, please visit: https://www.seleniumhq.org/exceptions/stale_element_reference.html
Build info: version: '3.141.59', revision: 'e82be7d358', time: '2018-11-14T08:17:03'
System info: host: 'STREAMING-LAPTO', ip: '192.168.0.30', os.name: 'Windows 10', os.arch: 'amd64', os.version: '10.0', java.version: '14.0.1'
Driver info: org.openqa.selenium.chrome.ChromeDriver
Capabilities {acceptInsecureCerts: false, browserName: chrome, browserVersion: 86.0.4240.75, chrome: {chromedriverVersion: 85.0.4183.87 (cd6713ebf92fa..., userDataDir: C:\Users\david\AppData\Loca...}, goog:chromeOptions: {debuggerAddress: localhost:65318}, javascriptEnabled: true, networkConnectionEnabled: false, pageLoadStrategy: normal, platform: WINDOWS, platformName: WINDOWS, proxy: Proxy(), setWindowRect: true, strictFileInteractability: false, timeouts: {implicit: 0, pageLoad: 300000, script: 30000}, unhandledPromptBehavior: dismiss and notify, webauthn:virtualAuthenticators: true}
Session ID: b3071c737bb726a4852df7558bd04c92
	at java.base/jdk.internal.reflect.NativeConstructorAccessorImpl.newInstance0(Native Method)
	at java.base/jdk.internal.reflect.NativeConstructorAccessorImpl.newInstance(NativeConstructorAccessorImpl.java:62)
	at java.base/jdk.internal.reflect.DelegatingConstructorAccessorImpl.newInstance(DelegatingConstructorAccessorImpl.java:45)
	at java.base/java.lang.reflect.Constructor.newInstanceWithCaller(Constructor.java:500)
	at java.base/java.lang.reflect.Constructor.newInstance(Constructor.java:481)
	at org.openqa.selenium.remote.http.W3CHttpResponseCodec.createException(W3CHttpResponseCodec.java:187)
	at org.openqa.selenium.remote.http.W3CHttpResponseCodec.decode(W3CHttpResponseCodec.java:122)
	at org.openqa.selenium.remote.http.W3CHttpResponseCodec.decode(W3CHttpResponseCodec.java:49)
	at org.openqa.selenium.remote.HttpCommandExecutor.execute(HttpCommandExecutor.java:158)
	at org.openqa.selenium.remote.service.DriverCommandExecutor.execute(DriverCommandExecutor.java:83)
	at org.openqa.selenium.remote.RemoteWebDriver.execute(RemoteWebDriver.java:552)
	at org.openqa.selenium.remote.RemoteWebElement.execute(RemoteWebElement.java:285)
	at org.openqa.selenium.remote.RemoteWebElement.click(RemoteWebElement.java:84)
	at stepDefinitions.Steps.i_click_on_for_the_cheapest_hotel_in_the_list_with_a_rating_above_stars(Steps.java:331)
	at âœ½.I click on "Choose your room" for the cheapest hotel in the list with a rating above "3" stars(file:///C:/Users/david/eclipse-workspace/booking_Cucumber/./Features/BookCheapestHotel.feature:17)

  And " Hotel Details" page is opened for selected hotel                                             # stepDefinitions.Steps.page_is_opened_for_selected_hotel(java.lang.String)
  And I click on "I'll Reserve" button for the most expensive available room in the hotel            # stepDefinitions.Steps.i_click_on_button_for_the_most_expensive_available_room_in_the_hotel(java.lang.String)
  Then "Your Details" page is displayed                                                              # stepDefinitions.Steps.page_is_displayed(java.lang.String)
  And I enter valid booking information                                                              # stepDefinitions.Steps.i_enter_valid_booking_information()
  And I click on "Next: Final Details" button                                                        # stepDefinitions.Steps.i_click_on_Search_button(java.lang.String)
  And "Final Details" page is displayed                                                              # stepDefinitions.Steps.page_is_displayed(java.lang.String)
]]></system-out>
    <system-err><![CDATA[Starting ChromeDriver 85.0.4183.87 (cd6713ebf92fa1cacc0f1a598df280093af0c5d7-refs/branch-heads/4183@{#1689}) on port 35449
Only local connections are allowed.
Please see https://chromedriver.chromium.org/security-considerations for suggestions on keeping ChromeDriver safe.
ChromeDriver was started successfully.
[1603079368.246][WARNING]: This version of ChromeDriver has not been tested with Chrome version 86.
Oct 19, 2020 5:49:30 AM org.openqa.selenium.remote.ProtocolHandshake createSession
INFO: Detected dialect: W3C
]]></system-err>
  </testcase>
</testsuite>